  cp_41.cpp
C:\Users\Kero\Desktop\Minesweeper\cp_41\cp_41\cp_41.cpp(19,13): warning C4566: character represented by universal-character-name '\u0412' cannot be represented in the current code page (1252)
C:\Users\Kero\Desktop\Minesweeper\cp_41\cp_41\cp_41.cpp(19,13): warning C4566: character represented by universal-character-name '\u044A' cannot be represented in the current code page (1252)
C:\Users\Kero\Desktop\Minesweeper\cp_41\cp_41\cp_41.cpp(19,13): warning C4566: character represented by universal-character-name '\u0432' cannot be represented in the current code page (1252)
C:\Users\Kero\Desktop\Minesweeper\cp_41\cp_41\cp_41.cpp(19,13): warning C4566: character represented by universal-character-name '\u0435' cannot be represented in the current code page (1252)
C:\Users\Kero\Desktop\Minesweeper\cp_41\cp_41\cp_41.cpp(19,13): warning C4566: character represented by universal-character-name '\u0434' cannot be represented in the current code page (1252)
C:\Users\Kero\Desktop\Minesweeper\cp_41\cp_41\cp_41.cpp(19,13): warning C4566: character represented by universal-character-name '\u0438' cannot be represented in the current code page (1252)
C:\Users\Kero\Desktop\Minesweeper\cp_41\cp_41\cp_41.cpp(19,13): warning C4566: character represented by universal-character-name '\u043F' cannot be represented in the current code page (1252)
C:\Users\Kero\Desktop\Minesweeper\cp_41\cp_41\cp_41.cpp(19,13): warning C4566: character represented by universal-character-name '\u0430' cannot be represented in the current code page (1252)
C:\Users\Kero\Desktop\Minesweeper\cp_41\cp_41\cp_41.cpp(19,13): warning C4566: character represented by universal-character-name '\u0440' cannot be represented in the current code page (1252)
C:\Users\Kero\Desktop\Minesweeper\cp_41\cp_41\cp_41.cpp(19,13): warning C4566: character represented by universal-character-name '\u043E' cannot be represented in the current code page (1252)
C:\Users\Kero\Desktop\Minesweeper\cp_41\cp_41\cp_41.cpp(19,13): warning C4566: character represented by universal-character-name '\u043B' cannot be represented in the current code page (1252)
C:\Users\Kero\Desktop\Minesweeper\cp_41\cp_41\cp_41.cpp(19,73): warning C4566: character represented by universal-character-name '\u0441' cannot be represented in the current code page (1252)
C:\Users\Kero\Desktop\Minesweeper\cp_41\cp_41\cp_41.cpp(19,73): warning C4566: character represented by universal-character-name '\u0438' cannot be represented in the current code page (1252)
C:\Users\Kero\Desktop\Minesweeper\cp_41\cp_41\cp_41.cpp(19,73): warning C4566: character represented by universal-character-name '\u043C' cannot be represented in the current code page (1252)
C:\Users\Kero\Desktop\Minesweeper\cp_41\cp_41\cp_41.cpp(19,73): warning C4566: character represented by universal-character-name '\u0432' cannot be represented in the current code page (1252)
C:\Users\Kero\Desktop\Minesweeper\cp_41\cp_41\cp_41.cpp(19,73): warning C4566: character represented by universal-character-name '\u043E' cannot be represented in the current code page (1252)
C:\Users\Kero\Desktop\Minesweeper\cp_41\cp_41\cp_41.cpp(19,73): warning C4566: character represented by universal-character-name '\u043B' cannot be represented in the current code page (1252)
C:\Users\Kero\Desktop\Minesweeper\cp_41\cp_41\cp_41.cpp(19,73): warning C4566: character represented by universal-character-name '\u0430' cannot be represented in the current code page (1252)
C:\Users\Kero\Desktop\Minesweeper\cp_41\cp_41\cp_41.cpp(25,43): warning C4267: 'initializing': conversion from 'size_t' to 'int', possible loss of data
C:\Users\Kero\Desktop\Minesweeper\cp_41\cp_41\cp_41.cpp(29,17): warning C4566: character represented by universal-character-name '\u0433' cannot be represented in the current code page (1252)
C:\Users\Kero\Desktop\Minesweeper\cp_41\cp_41\cp_41.cpp(29,17): warning C4566: character represented by universal-character-name '\u0440' cannot be represented in the current code page (1252)
C:\Users\Kero\Desktop\Minesweeper\cp_41\cp_41\cp_41.cpp(29,17): warning C4566: character represented by universal-character-name '\u0435' cannot be represented in the current code page (1252)
C:\Users\Kero\Desktop\Minesweeper\cp_41\cp_41\cp_41.cpp(29,17): warning C4566: character represented by universal-character-name '\u0448' cannot be represented in the current code page (1252)
C:\Users\Kero\Desktop\Minesweeper\cp_41\cp_41\cp_41.cpp(29,17): warning C4566: character represented by universal-character-name '\u043D' cannot be represented in the current code page (1252)
C:\Users\Kero\Desktop\Minesweeper\cp_41\cp_41\cp_41.cpp(29,17): warning C4566: character represented by universal-character-name '\u0430' cannot be represented in the current code page (1252)
C:\Users\Kero\Desktop\Minesweeper\cp_41\cp_41\cp_41.cpp(29,17): warning C4566: character represented by universal-character-name '\u043F' cannot be represented in the current code page (1252)
C:\Users\Kero\Desktop\Minesweeper\cp_41\cp_41\cp_41.cpp(29,17): warning C4566: character represented by universal-character-name '\u043E' cannot be represented in the current code page (1252)
C:\Users\Kero\Desktop\Minesweeper\cp_41\cp_41\cp_41.cpp(29,17): warning C4566: character represented by universal-character-name '\u043B' cannot be represented in the current code page (1252)
C:\Users\Kero\Desktop\Minesweeper\cp_41\cp_41\cp_41.cpp(39,13): warning C4566: character represented by universal-character-name '\u0432' cannot be represented in the current code page (1252)
C:\Users\Kero\Desktop\Minesweeper\cp_41\cp_41\cp_41.cpp(39,13): warning C4566: character represented by universal-character-name '\u044A' cannot be represented in the current code page (1252)
C:\Users\Kero\Desktop\Minesweeper\cp_41\cp_41\cp_41.cpp(39,13): warning C4566: character represented by universal-character-name '\u0435' cannot be represented in the current code page (1252)
C:\Users\Kero\Desktop\Minesweeper\cp_41\cp_41\cp_41.cpp(39,13): warning C4566: character represented by universal-character-name '\u0434' cannot be represented in the current code page (1252)
C:\Users\Kero\Desktop\Minesweeper\cp_41\cp_41\cp_41.cpp(39,13): warning C4566: character represented by universal-character-name '\u0438' cannot be represented in the current code page (1252)
C:\Users\Kero\Desktop\Minesweeper\cp_41\cp_41\cp_41.cpp(39,13): warning C4566: character represented by universal-character-name '\u0437' cannot be represented in the current code page (1252)
C:\Users\Kero\Desktop\Minesweeper\cp_41\cp_41\cp_41.cpp(39,13): warning C4566: character represented by universal-character-name '\u043D' cannot be represented in the current code page (1252)
C:\Users\Kero\Desktop\Minesweeper\cp_41\cp_41\cp_41.cpp(39,13): warning C4566: character represented by universal-character-name '\u0430' cannot be represented in the current code page (1252)
C:\Users\Kero\Desktop\Minesweeper\cp_41\cp_41\cp_41.cpp(39,13): warning C4566: character represented by universal-character-name '\u043A' cannot be represented in the current code page (1252)
C:\Users\Kero\Desktop\Minesweeper\cp_41\cp_41\cp_41.cpp(55,17): warning C4566: character represented by universal-character-name '\u043F' cannot be represented in the current code page (1252)
C:\Users\Kero\Desktop\Minesweeper\cp_41\cp_41\cp_41.cpp(55,17): warning C4566: character represented by universal-character-name '\u0430' cannot be represented in the current code page (1252)
C:\Users\Kero\Desktop\Minesweeper\cp_41\cp_41\cp_41.cpp(55,17): warning C4566: character represented by universal-character-name '\u0440' cannot be represented in the current code page (1252)
C:\Users\Kero\Desktop\Minesweeper\cp_41\cp_41\cp_41.cpp(55,17): warning C4566: character represented by universal-character-name '\u043E' cannot be represented in the current code page (1252)
C:\Users\Kero\Desktop\Minesweeper\cp_41\cp_41\cp_41.cpp(55,17): warning C4566: character represented by universal-character-name '\u043B' cannot be represented in the current code page (1252)
C:\Users\Kero\Desktop\Minesweeper\cp_41\cp_41\cp_41.cpp(57,17): warning C4566: character represented by universal-character-name '\u0432' cannot be represented in the current code page (1252)
C:\Users\Kero\Desktop\Minesweeper\cp_41\cp_41\cp_41.cpp(57,17): warning C4566: character represented by universal-character-name '\u044A' cannot be represented in the current code page (1252)
C:\Users\Kero\Desktop\Minesweeper\cp_41\cp_41\cp_41.cpp(57,17): warning C4566: character represented by universal-character-name '\u0435' cannot be represented in the current code page (1252)
C:\Users\Kero\Desktop\Minesweeper\cp_41\cp_41\cp_41.cpp(57,17): warning C4566: character represented by universal-character-name '\u0434' cannot be represented in the current code page (1252)
C:\Users\Kero\Desktop\Minesweeper\cp_41\cp_41\cp_41.cpp(57,17): warning C4566: character represented by universal-character-name '\u0438' cannot be represented in the current code page (1252)
C:\Users\Kero\Desktop\Minesweeper\cp_41\cp_41\cp_41.cpp(57,17): warning C4566: character represented by universal-character-name '\u0437' cannot be represented in the current code page (1252)
C:\Users\Kero\Desktop\Minesweeper\cp_41\cp_41\cp_41.cpp(57,17): warning C4566: character represented by universal-character-name '\u043D' cannot be represented in the current code page (1252)
C:\Users\Kero\Desktop\Minesweeper\cp_41\cp_41\cp_41.cpp(57,17): warning C4566: character represented by universal-character-name '\u0430' cannot be represented in the current code page (1252)
C:\Users\Kero\Desktop\Minesweeper\cp_41\cp_41\cp_41.cpp(57,17): warning C4566: character represented by universal-character-name '\u043A' cannot be represented in the current code page (1252)
  cp_41.vcxproj -> C:\Users\Kero\Desktop\Minesweeper\cp_41\x64\Debug\cp_41.exe
